<?xml version="1.0" encoding="UTF-8"?>
<coverage generated="1621483030212" clover="3.2.0">
  <project timestamp="1621483030213" name="All files">
    <metrics statements="68" coveredstatements="61" conditionals="16" coveredconditionals="9" methods="25" coveredmethods="24" elements="109" coveredelements="94" complexity="0" loc="68" ncloc="68" packages="1" files="3" classes="3"/>
    <file name="Candidate.js" path="\\ADFSSTUD1\a-e\anh0926\jestdemo\Candidate.js">
      <metrics statements="6" coveredstatements="6" conditionals="0" coveredconditionals="0" methods="2" coveredmethods="2"/>
      <line num="2" count="1" type="stmt"/>
      <line num="4" count="82" type="stmt"/>
      <line num="5" count="82" type="stmt"/>
      <line num="6" count="82" type="stmt"/>
      <line num="7" count="82" type="stmt"/>
      <line num="10" count="25" type="stmt"/>
    </file>
    <file name="ElectorateManagement.js" path="\\ADFSSTUD1\a-e\anh0926\jestdemo\ElectorateManagement.js">
      <metrics statements="60" coveredstatements="53" conditionals="16" coveredconditionals="9" methods="22" coveredmethods="21"/>
      <line num="2" count="1" type="stmt"/>
      <line num="4" count="1" type="stmt"/>
      <line num="7" count="1" type="stmt"/>
      <line num="9" count="54" type="stmt"/>
      <line num="10" count="54" type="stmt"/>
      <line num="11" count="54" type="stmt"/>
      <line num="12" count="54" type="stmt"/>
      <line num="13" count="54" type="stmt"/>
      <line num="14" count="54" type="stmt"/>
      <line num="15" count="54" type="stmt"/>
      <line num="19" count="0" type="stmt"/>
      <line num="23" count="1" type="stmt"/>
      <line num="27" count="58" type="stmt"/>
      <line num="28" count="58" type="cond" truecount="2" falsecount="0"/>
      <line num="29" count="1" type="stmt"/>
      <line num="31" count="57" type="stmt"/>
      <line num="32" count="57" type="stmt"/>
      <line num="33" count="57" type="stmt"/>
      <line num="37" count="25" type="stmt"/>
      <line num="39" count="25" type="stmt"/>
      <line num="40" count="25" type="stmt"/>
      <line num="42" count="25" type="stmt"/>
      <line num="43" count="25" type="stmt"/>
      <line num="49" count="53" type="stmt"/>
      <line num="50" count="30" type="stmt"/>
      <line num="55" count="1" type="stmt"/>
      <line num="56" count="1" type="stmt"/>
      <line num="57" count="1" type="stmt"/>
      <line num="58" count="1" type="stmt"/>
      <line num="59" count="1" type="stmt"/>
      <line num="65" count="1" type="stmt"/>
      <line num="66" count="1" type="stmt"/>
      <line num="70" count="4" type="stmt"/>
      <line num="71" count="4" type="stmt"/>
      <line num="72" count="4" type="stmt"/>
      <line num="77" count="2" type="cond" truecount="1" falsecount="1"/>
      <line num="78" count="0" type="stmt"/>
      <line num="80" count="2" type="stmt"/>
      <line num="81" count="2" type="stmt"/>
      <line num="82" count="2" type="cond" truecount="1" falsecount="1"/>
      <line num="83" count="0" type="stmt"/>
      <line num="88" count="2" type="stmt"/>
      <line num="89" count="2" type="stmt"/>
      <line num="90" count="2" type="stmt"/>
      <line num="95" count="1" type="stmt"/>
      <line num="96" count="4" type="cond" truecount="2" falsecount="0"/>
      <line num="97" count="2" type="stmt"/>
      <line num="99" count="2" type="cond" truecount="1" falsecount="1"/>
      <line num="100" count="2" type="stmt"/>
      <line num="102" count="0" type="stmt"/>
      <line num="106" count="1" type="stmt"/>
      <line num="107" count="2" type="cond" truecount="1" falsecount="1"/>
      <line num="108" count="2" type="stmt"/>
      <line num="110" count="0" type="cond" truecount="0" falsecount="2"/>
      <line num="111" count="0" type="stmt"/>
      <line num="113" count="0" type="stmt"/>
      <line num="119" count="7" type="stmt"/>
      <line num="124" count="3" type="stmt"/>
      <line num="129" count="4" type="stmt"/>
      <line num="134" count="2" type="cond" truecount="1" falsecount="1"/>
    </file>
    <file name="sum.js" path="\\ADFSSTUD1\a-e\anh0926\jestdemo\sum.js">
      <metrics statements="2" coveredstatements="2" conditionals="0" coveredconditionals="0" methods="1" coveredmethods="1"/>
      <line num="2" count="1" type="stmt"/>
      <line num="4" count="1" type="stmt"/>
    </file>
  </project>
</coverage>
