{"\\\\ADFSSTUD1\\a-e\\anh0926\\jestdemo\\Candidate.js": {"path":"\\\\ADFSSTUD1\\a-e\\anh0926\\jestdemo\\Candidate.js","statementMap":{"0":{"start":{"line":2,"column":0},"end":{"line":13,"column":1}},"1":{"start":{"line":4,"column":8},"end":{"line":4,"column":21}},"2":{"start":{"line":5,"column":8},"end":{"line":5,"column":25}},"3":{"start":{"line":6,"column":8},"end":{"line":6,"column":22}},"4":{"start":{"line":7,"column":8},"end":{"line":7,"column":29}},"5":{"start":{"line":10,"column":8},"end":{"line":10,"column":30}}},"fnMap":{"0":{"name":"(anonymous_0)","decl":{"start":{"line":3,"column":4},"end":{"line":3,"column":5}},"loc":{"start":{"line":3,"column":25},"end":{"line":8,"column":5}},"line":3},"1":{"name":"(anonymous_1)","decl":{"start":{"line":9,"column":4},"end":{"line":9,"column":5}},"loc":{"start":{"line":9,"column":28},"end":{"line":11,"column":5}},"line":9}},"branchMap":{},"s":{"0":1,"1":82,"2":82,"3":82,"4":82,"5":25},"f":{"0":82,"1":25},"b":{},"_coverageSchema":"1a1c01bbd47fc00a2c39e90264f33305004495a9","hash":"8d9402973d1dbb7b1f6d7e8efb20bbab42c0ef81"}
,"\\\\ADFSSTUD1\\a-e\\anh0926\\jestdemo\\ElectorateManagement.js": {"path":"\\\\ADFSSTUD1\\a-e\\anh0926\\jestdemo\\ElectorateManagement.js","statementMap":{"0":{"start":{"line":2,"column":18},"end":{"line":2,"column":40}},"1":{"start":{"line":4,"column":20},"end":{"line":4,"column":42}},"2":{"start":{"line":7,"column":0},"end":{"line":139,"column":1}},"3":{"start":{"line":9,"column":8},"end":{"line":9,"column":32}},"4":{"start":{"line":10,"column":8},"end":{"line":10,"column":31}},"5":{"start":{"line":11,"column":8},"end":{"line":11,"column":42}},"6":{"start":{"line":12,"column":8},"end":{"line":12,"column":41}},"7":{"start":{"line":13,"column":8},"end":{"line":13,"column":40}},"8":{"start":{"line":14,"column":8},"end":{"line":14,"column":40}},"9":{"start":{"line":15,"column":8},"end":{"line":15,"column":26}},"10":{"start":{"line":19,"column":8},"end":{"line":19,"column":33}},"11":{"start":{"line":23,"column":8},"end":{"line":23,"column":33}},"12":{"start":{"line":27,"column":24},"end":{"line":27,"column":38}},"13":{"start":{"line":28,"column":8},"end":{"line":30,"column":9}},"14":{"start":{"line":29,"column":12},"end":{"line":29,"column":18}},"15":{"start":{"line":31,"column":22},"end":{"line":31,"column":51}},"16":{"start":{"line":32,"column":30},"end":{"line":32,"column":62}},"17":{"start":{"line":33,"column":8},"end":{"line":33,"column":46}},"18":{"start":{"line":37,"column":25},"end":{"line":37,"column":49}},"19":{"start":{"line":39,"column":26},"end":{"line":39,"column":71}},"20":{"start":{"line":40,"column":8},"end":{"line":40,"column":43}},"21":{"start":{"line":42,"column":8},"end":{"line":42,"column":41}},"22":{"start":{"line":43,"column":8},"end":{"line":43,"column":45}},"23":{"start":{"line":49,"column":25},"end":{"line":49,"column":84}},"24":{"start":{"line":49,"column":58},"end":{"line":49,"column":83}},"25":{"start":{"line":50,"column":12},"end":{"line":50,"column":25}},"26":{"start":{"line":55,"column":8},"end":{"line":55,"column":65}},"27":{"start":{"line":56,"column":24},"end":{"line":56,"column":48}},"28":{"start":{"line":57,"column":28},"end":{"line":57,"column":46}},"29":{"start":{"line":58,"column":26},"end":{"line":58,"column":62}},"30":{"start":{"line":59,"column":8},"end":{"line":59,"column":26}},"31":{"start":{"line":65,"column":24},"end":{"line":65,"column":63}},"32":{"start":{"line":66,"column":8},"end":{"line":66,"column":51}},"33":{"start":{"line":70,"column":8},"end":{"line":70,"column":54}},"34":{"start":{"line":71,"column":8},"end":{"line":71,"column":53}},"35":{"start":{"line":72,"column":8},"end":{"line":72,"column":40}},"36":{"start":{"line":77,"column":8},"end":{"line":79,"column":9}},"37":{"start":{"line":78,"column":12},"end":{"line":78,"column":18}},"38":{"start":{"line":80,"column":8},"end":{"line":80,"column":35}},"39":{"start":{"line":81,"column":8},"end":{"line":81,"column":46}},"40":{"start":{"line":82,"column":8},"end":{"line":84,"column":9}},"41":{"start":{"line":83,"column":12},"end":{"line":83,"column":43}},"42":{"start":{"line":88,"column":8},"end":{"line":88,"column":35}},"43":{"start":{"line":89,"column":8},"end":{"line":89,"column":53}},"44":{"start":{"line":90,"column":8},"end":{"line":90,"column":53}},"45":{"start":{"line":95,"column":8},"end":{"line":103,"column":10}},"46":{"start":{"line":96,"column":12},"end":{"line":98,"column":13}},"47":{"start":{"line":97,"column":16},"end":{"line":97,"column":25}},"48":{"start":{"line":99,"column":12},"end":{"line":101,"column":13}},"49":{"start":{"line":100,"column":16},"end":{"line":100,"column":24}},"50":{"start":{"line":102,"column":12},"end":{"line":102,"column":21}},"51":{"start":{"line":106,"column":8},"end":{"line":114,"column":10}},"52":{"start":{"line":107,"column":12},"end":{"line":109,"column":13}},"53":{"start":{"line":108,"column":16},"end":{"line":108,"column":25}},"54":{"start":{"line":110,"column":12},"end":{"line":112,"column":13}},"55":{"start":{"line":111,"column":16},"end":{"line":111,"column":24}},"56":{"start":{"line":113,"column":12},"end":{"line":113,"column":21}},"57":{"start":{"line":119,"column":8},"end":{"line":119,"column":78}},"58":{"start":{"line":119,"column":53},"end":{"line":119,"column":77}},"59":{"start":{"line":124,"column":8},"end":{"line":124,"column":75}},"60":{"start":{"line":124,"column":53},"end":{"line":124,"column":74}},"61":{"start":{"line":129,"column":8},"end":{"line":129,"column":77}},"62":{"start":{"line":134,"column":8},"end":{"line":134,"column":66}}},"fnMap":{"0":{"name":"(anonymous_0)","decl":{"start":{"line":8,"column":4},"end":{"line":8,"column":5}},"loc":{"start":{"line":8,"column":17},"end":{"line":16,"column":5}},"line":8},"1":{"name":"(anonymous_1)","decl":{"start":{"line":18,"column":4},"end":{"line":18,"column":5}},"loc":{"start":{"line":18,"column":22},"end":{"line":20,"column":5}},"line":18},"2":{"name":"(anonymous_2)","decl":{"start":{"line":22,"column":4},"end":{"line":22,"column":5}},"loc":{"start":{"line":22,"column":22},"end":{"line":24,"column":5}},"line":22},"3":{"name":"(anonymous_3)","decl":{"start":{"line":26,"column":4},"end":{"line":26,"column":5}},"loc":{"start":{"line":26,"column":29},"end":{"line":34,"column":5}},"line":26},"4":{"name":"(anonymous_4)","decl":{"start":{"line":36,"column":4},"end":{"line":36,"column":5}},"loc":{"start":{"line":36,"column":37},"end":{"line":45,"column":5}},"line":36},"5":{"name":"(anonymous_5)","decl":{"start":{"line":48,"column":4},"end":{"line":48,"column":5}},"loc":{"start":{"line":48,"column":30},"end":{"line":51,"column":5}},"line":48},"6":{"name":"(anonymous_6)","decl":{"start":{"line":49,"column":49},"end":{"line":49,"column":50}},"loc":{"start":{"line":49,"column":58},"end":{"line":49,"column":83}},"line":49},"7":{"name":"(anonymous_7)","decl":{"start":{"line":54,"column":4},"end":{"line":54,"column":5}},"loc":{"start":{"line":54,"column":27},"end":{"line":61,"column":5}},"line":54},"8":{"name":"(anonymous_8)","decl":{"start":{"line":64,"column":4},"end":{"line":64,"column":5}},"loc":{"start":{"line":64,"column":40},"end":{"line":67,"column":5}},"line":64},"9":{"name":"(anonymous_9)","decl":{"start":{"line":69,"column":4},"end":{"line":69,"column":5}},"loc":{"start":{"line":69,"column":28},"end":{"line":73,"column":5}},"line":69},"10":{"name":"(anonymous_10)","decl":{"start":{"line":74,"column":4},"end":{"line":74,"column":5}},"loc":{"start":{"line":74,"column":27},"end":{"line":85,"column":5}},"line":74},"11":{"name":"(anonymous_11)","decl":{"start":{"line":87,"column":4},"end":{"line":87,"column":5}},"loc":{"start":{"line":87,"column":28},"end":{"line":91,"column":5}},"line":87},"12":{"name":"(anonymous_12)","decl":{"start":{"line":94,"column":4},"end":{"line":94,"column":5}},"loc":{"start":{"line":94,"column":26},"end":{"line":104,"column":5}},"line":94},"13":{"name":"(anonymous_13)","decl":{"start":{"line":95,"column":32},"end":{"line":95,"column":33}},"loc":{"start":{"line":95,"column":45},"end":{"line":103,"column":9}},"line":95},"14":{"name":"(anonymous_14)","decl":{"start":{"line":105,"column":4},"end":{"line":105,"column":5}},"loc":{"start":{"line":105,"column":26},"end":{"line":115,"column":5}},"line":105},"15":{"name":"(anonymous_15)","decl":{"start":{"line":106,"column":32},"end":{"line":106,"column":33}},"loc":{"start":{"line":106,"column":45},"end":{"line":114,"column":9}},"line":106},"16":{"name":"(anonymous_16)","decl":{"start":{"line":118,"column":4},"end":{"line":118,"column":5}},"loc":{"start":{"line":118,"column":29},"end":{"line":120,"column":5}},"line":118},"17":{"name":"(anonymous_17)","decl":{"start":{"line":119,"column":41},"end":{"line":119,"column":42}},"loc":{"start":{"line":119,"column":53},"end":{"line":119,"column":77}},"line":119},"18":{"name":"(anonymous_18)","decl":{"start":{"line":123,"column":4},"end":{"line":123,"column":5}},"loc":{"start":{"line":123,"column":24},"end":{"line":125,"column":5}},"line":123},"19":{"name":"(anonymous_19)","decl":{"start":{"line":124,"column":41},"end":{"line":124,"column":42}},"loc":{"start":{"line":124,"column":53},"end":{"line":124,"column":74}},"line":124},"20":{"name":"(anonymous_20)","decl":{"start":{"line":128,"column":4},"end":{"line":128,"column":5}},"loc":{"start":{"line":128,"column":11},"end":{"line":130,"column":5}},"line":128},"21":{"name":"(anonymous_21)","decl":{"start":{"line":133,"column":4},"end":{"line":133,"column":5}},"loc":{"start":{"line":133,"column":11},"end":{"line":135,"column":5}},"line":133}},"branchMap":{"0":{"loc":{"start":{"line":28,"column":8},"end":{"line":30,"column":9}},"type":"if","locations":[{"start":{"line":28,"column":8},"end":{"line":30,"column":9}},{"start":{"line":28,"column":8},"end":{"line":30,"column":9}}],"line":28},"1":{"loc":{"start":{"line":77,"column":8},"end":{"line":79,"column":9}},"type":"if","locations":[{"start":{"line":77,"column":8},"end":{"line":79,"column":9}},{"start":{"line":77,"column":8},"end":{"line":79,"column":9}}],"line":77},"2":{"loc":{"start":{"line":82,"column":8},"end":{"line":84,"column":9}},"type":"if","locations":[{"start":{"line":82,"column":8},"end":{"line":84,"column":9}},{"start":{"line":82,"column":8},"end":{"line":84,"column":9}}],"line":82},"3":{"loc":{"start":{"line":96,"column":12},"end":{"line":98,"column":13}},"type":"if","locations":[{"start":{"line":96,"column":12},"end":{"line":98,"column":13}},{"start":{"line":96,"column":12},"end":{"line":98,"column":13}}],"line":96},"4":{"loc":{"start":{"line":99,"column":12},"end":{"line":101,"column":13}},"type":"if","locations":[{"start":{"line":99,"column":12},"end":{"line":101,"column":13}},{"start":{"line":99,"column":12},"end":{"line":101,"column":13}}],"line":99},"5":{"loc":{"start":{"line":107,"column":12},"end":{"line":109,"column":13}},"type":"if","locations":[{"start":{"line":107,"column":12},"end":{"line":109,"column":13}},{"start":{"line":107,"column":12},"end":{"line":109,"column":13}}],"line":107},"6":{"loc":{"start":{"line":110,"column":12},"end":{"line":112,"column":13}},"type":"if","locations":[{"start":{"line":110,"column":12},"end":{"line":112,"column":13}},{"start":{"line":110,"column":12},"end":{"line":112,"column":13}}],"line":110},"7":{"loc":{"start":{"line":134,"column":26},"end":{"line":134,"column":65}},"type":"binary-expr","locations":[{"start":{"line":134,"column":26},"end":{"line":134,"column":59}},{"start":{"line":134,"column":61},"end":{"line":134,"column":65}}],"line":134}},"s":{"0":1,"1":1,"2":1,"3":54,"4":54,"5":54,"6":54,"7":54,"8":54,"9":54,"10":0,"11":1,"12":58,"13":58,"14":1,"15":57,"16":57,"17":57,"18":25,"19":25,"20":25,"21":25,"22":25,"23":30,"24":53,"25":30,"26":1,"27":1,"28":1,"29":1,"30":1,"31":1,"32":1,"33":4,"34":4,"35":4,"36":2,"37":0,"38":2,"39":2,"40":2,"41":0,"42":2,"43":2,"44":2,"45":1,"46":4,"47":2,"48":2,"49":2,"50":0,"51":1,"52":2,"53":2,"54":0,"55":0,"56":0,"57":2,"58":7,"59":1,"60":3,"61":4,"62":2},"f":{"0":54,"1":0,"2":1,"3":58,"4":25,"5":30,"6":53,"7":1,"8":1,"9":4,"10":2,"11":2,"12":1,"13":4,"14":1,"15":2,"16":2,"17":7,"18":1,"19":3,"20":4,"21":2},"b":{"0":[1,57],"1":[0,2],"2":[0,2],"3":[2,2],"4":[2,0],"5":[2,0],"6":[0,0],"7":[2,0]},"_coverageSchema":"1a1c01bbd47fc00a2c39e90264f33305004495a9","hash":"a633ad4fdbb872eb05b7d2d4879d28f9fbdb31e8"}
,"\\\\ADFSSTUD1\\a-e\\anh0926\\jestdemo\\sum.js": {"path":"\\\\ADFSSTUD1\\a-e\\anh0926\\jestdemo\\sum.js","statementMap":{"0":{"start":{"line":2,"column":4},"end":{"line":2,"column":17}},"1":{"start":{"line":4,"column":2},"end":{"line":4,"column":23}}},"fnMap":{"0":{"name":"sum","decl":{"start":{"line":1,"column":9},"end":{"line":1,"column":12}},"loc":{"start":{"line":1,"column":19},"end":{"line":3,"column":3}},"line":1}},"branchMap":{},"s":{"0":1,"1":1},"f":{"0":1},"b":{},"_coverageSchema":"1a1c01bbd47fc00a2c39e90264f33305004495a9","hash":"95fb42aee42673891363710414cb8cfa5254fab7"}
}
