TN:
SF:\\ADFSSTUD1\a-e\anh0926\jestdemo\Candidate.js
FN:3,(anonymous_0)
FN:9,(anonymous_1)
FNF:2
FNH:2
FNDA:82,(anonymous_0)
FNDA:25,(anonymous_1)
DA:2,1
DA:4,82
DA:5,82
DA:6,82
DA:7,82
DA:10,25
LF:6
LH:6
BRF:0
BRH:0
end_of_record
TN:
SF:\\ADFSSTUD1\a-e\anh0926\jestdemo\ElectorateManagement.js
FN:8,(anonymous_0)
FN:18,(anonymous_1)
FN:22,(anonymous_2)
FN:26,(anonymous_3)
FN:36,(anonymous_4)
FN:48,(anonymous_5)
FN:49,(anonymous_6)
FN:54,(anonymous_7)
FN:64,(anonymous_8)
FN:69,(anonymous_9)
FN:74,(anonymous_10)
FN:87,(anonymous_11)
FN:94,(anonymous_12)
FN:95,(anonymous_13)
FN:105,(anonymous_14)
FN:106,(anonymous_15)
FN:118,(anonymous_16)
FN:119,(anonymous_17)
FN:123,(anonymous_18)
FN:124,(anonymous_19)
FN:128,(anonymous_20)
FN:133,(anonymous_21)
FNF:22
FNH:21
FNDA:54,(anonymous_0)
FNDA:0,(anonymous_1)
FNDA:1,(anonymous_2)
FNDA:58,(anonymous_3)
FNDA:25,(anonymous_4)
FNDA:30,(anonymous_5)
FNDA:53,(anonymous_6)
FNDA:1,(anonymous_7)
FNDA:1,(anonymous_8)
FNDA:4,(anonymous_9)
FNDA:2,(anonymous_10)
FNDA:2,(anonymous_11)
FNDA:1,(anonymous_12)
FNDA:4,(anonymous_13)
FNDA:1,(anonymous_14)
FNDA:2,(anonymous_15)
FNDA:2,(anonymous_16)
FNDA:7,(anonymous_17)
FNDA:1,(anonymous_18)
FNDA:3,(anonymous_19)
FNDA:4,(anonymous_20)
FNDA:2,(anonymous_21)
DA:2,1
DA:4,1
DA:7,1
DA:9,54
DA:10,54
DA:11,54
DA:12,54
DA:13,54
DA:14,54
DA:15,54
DA:19,0
DA:23,1
DA:27,58
DA:28,58
DA:29,1
DA:31,57
DA:32,57
DA:33,57
DA:37,25
DA:39,25
DA:40,25
DA:42,25
DA:43,25
DA:49,53
DA:50,30
DA:55,1
DA:56,1
DA:57,1
DA:58,1
DA:59,1
DA:65,1
DA:66,1
DA:70,4
DA:71,4
DA:72,4
DA:77,2
DA:78,0
DA:80,2
DA:81,2
DA:82,2
DA:83,0
DA:88,2
DA:89,2
DA:90,2
DA:95,1
DA:96,4
DA:97,2
DA:99,2
DA:100,2
DA:102,0
DA:106,1
DA:107,2
DA:108,2
DA:110,0
DA:111,0
DA:113,0
DA:119,7
DA:124,3
DA:129,4
DA:134,2
LF:60
LH:53
BRDA:28,0,0,1
BRDA:28,0,1,57
BRDA:77,1,0,0
BRDA:77,1,1,2
BRDA:82,2,0,0
BRDA:82,2,1,2
BRDA:96,3,0,2
BRDA:96,3,1,2
BRDA:99,4,0,2
BRDA:99,4,1,0
BRDA:107,5,0,2
BRDA:107,5,1,0
BRDA:110,6,0,0
BRDA:110,6,1,0
BRDA:134,7,0,2
BRDA:134,7,1,0
BRF:16
BRH:9
end_of_record
TN:
SF:\\ADFSSTUD1\a-e\anh0926\jestdemo\sum.js
FN:1,sum
FNF:1
FNH:1
FNDA:1,sum
DA:2,1
DA:4,1
LF:2
LH:2
BRF:0
BRH:0
end_of_record
